Objective Function (MPCA): 
  1.986472E-04
Activation Function: 
  2
Hidden Layers: 
  2
Neurons First Layer: 
 38
Neurons Second Layer: 
 16
wh1
    0.42975    0.59061    0.02446    0.26588    0.34605    0.68635    0.63022    0.49588    0.28169    0.80417    0.87985    0.68706    0.27415    0.76872    0.32428    0.94263    0.59215    0.04179    0.93885    0.51135    0.02193    0.31671    0.82167    0.16002    0.10800    0.21753    0.17036    0.98159    0.55941    0.53176    0.02689    0.99406    0.47873    0.63806    0.82203    0.71221    0.14040    0.57398
    0.60062    0.44659    0.94444    0.61515    0.22990    0.12463    0.69676    0.16015    0.91677    0.94946    0.99226    0.83407    0.67271    0.56613    0.89141    0.93098    0.04898    0.23039    0.25688    0.07596    0.14448    0.39467    0.84036    0.82334    0.20582    0.49446    0.41849    0.47804    0.29743    0.80466    0.25130    0.10088    0.39241    0.94509    0.94681    0.54522    0.48460    0.07575
    0.60273    0.25598    0.20081    0.79566    0.72035    0.35715    0.69679    0.65788    0.88921    0.09284    0.18456    0.99175    0.20896    0.76839    0.24532    0.97731    0.97929    0.80423    0.26226    0.91986    0.08273    0.77335    0.93876    0.35342    0.33428    0.98469    0.80697    0.82778    0.41219    0.90026    0.89643    0.61094    0.54450    0.10585    0.13111    0.42127    0.64273    0.11271
    0.43772    0.28154    0.77897    0.13848    0.69220    0.88282    0.98297    0.27188    0.75738    0.92967    0.94494    0.31559    0.36846    0.01999    0.39947    0.83107    0.49757    0.70701    0.70415    0.25773    0.62199    0.91088    0.93240    0.93909    0.09485    0.76820    0.73404    0.42169    0.41403    0.09245    0.93537    0.36185    0.94909    0.64596    0.55015    0.40306    0.43625    0.68571
    0.62942    0.37579    0.57817    0.13828    0.85879    0.10172    0.96857    0.64589    0.97299    0.14744    0.81927    0.79324    0.30334    0.92601    0.57269    0.70155    0.69825    0.63087    0.07985    0.41941    0.05707    0.22976    0.93455    0.28245    0.22251    0.50036    0.53937    0.58237    0.67804    0.64789    0.29801    0.92054    0.76036    0.08109    0.68491    0.97804    0.26703    0.07608
bh1
    0.73114    0.76327    0.56969    0.01758    0.50588    0.14875    0.55527    0.89753    0.08660    0.36237    0.34735    0.80475    0.85473    0.28127    0.09112    0.43629    0.68001    0.51348    0.24955    0.43495    0.00168    0.68501    0.08714    0.55861    0.91628    0.08975    0.21725    0.79656    0.98017    0.37497    0.98149    0.60059    0.16923    0.89816    0.58540    0.96695    0.66525    0.10013
wh2
    0.67851    0.74027    0.56913    0.53305    0.27940    0.12381    0.21757    0.30675    0.00806    0.42281    0.52362    0.46575    0.43754    0.18431    0.71645    0.46065
    0.34340    0.97473    0.77831    0.44881    0.12738    0.55047    0.39832    0.52193    0.67803    0.60688    0.62678    0.58266    0.80573    0.23937    0.49252    0.35675
    0.22118    0.30399    0.21039    0.45654    0.13743    0.56908    0.33370    0.61238    0.47279    0.13123    0.42497    0.19707    0.06590    0.50766    0.54407    0.98064
    0.33280    0.13550    0.69716    0.01062    0.14205    0.21701    0.17271    0.33841    0.64535    0.51875    0.49028    0.98476    0.79689    0.87107    0.79845    0.87083
    0.31231    0.70725    0.29051    0.46815    0.70482    0.18582    0.74211    0.94805    0.72632    0.34206    0.31296    0.80942    0.21398    0.64852    0.85372    0.93589
    0.22794    0.12344    0.97335    0.38703    0.28750    0.57787    0.25049    0.51059    0.89308    0.00608    0.09936    0.25627    0.25236    0.02799    0.15742    0.57320
    0.83976    0.11768    0.37906    0.48449    0.30114    0.51895    0.62791    0.02744    0.92324    0.35393    0.68906    0.52800    0.53912    0.40929    0.04266    0.27292
    0.20480    0.89022    0.72043    0.54366    0.57680    0.79233    0.34465    0.59383    0.73558    0.11822    0.64519    0.83835    0.24720    0.65523    0.85716    0.40895
    0.07505    0.27283    0.25726    0.98634    0.71407    0.88435    0.22166    0.42163    0.22596    0.85304    0.02841    0.02349    0.33730    0.09117    0.18115    0.58486
    0.75814    0.46981    0.46815    0.08634    0.01138    0.86320    0.85111    0.13260    0.19389    0.81725    0.37360    0.82637    0.49986    0.89463    0.52153    0.18368
    0.99938    0.87454    0.39090    0.00179    0.10044    0.22870    0.94045    0.98534    0.30929    0.19994    0.93083    0.58014    0.94685    0.14391    0.79297    0.65390
    0.24303    0.55804    0.49236    0.12734    0.16686    0.05180    0.24488    0.34814    0.98403    0.32861    0.12004    0.50975    0.46443    0.36659    0.11573    0.64371
    0.30649    0.82937    0.55941    0.45695    0.27098    0.65235    0.73622    0.32551    0.69138    0.55669    0.38862    0.70672    0.06488    0.35775    0.37663    0.32752
    0.24865    0.24717    0.28133    0.30067    0.81559    0.17452    0.68177    0.69636    0.49207    0.70864    0.08766    0.65183    0.71015    0.83711    0.81640    0.99544
    0.02323    0.44642    0.99648    0.96408    0.48765    0.52411    0.95574    0.59305    0.89598    0.17400    0.82845    0.90466    0.69270    0.28276    0.76844    0.52374
    0.03624    0.65679    0.50872    0.78117    0.84295    0.96703    0.41026    0.57156    0.38153    0.88893    0.32391    0.29565    0.74345    0.36449    0.83283    0.14999
    0.59092    0.42377    0.10314    0.30560    0.61003    0.18203    0.04938    0.43631    0.61799    0.52529    0.46466    0.71235    0.18846    0.75341    0.38919    0.25407
    0.45721    0.67011    0.94835    0.34823    0.25857    0.01719    0.03158    0.98444    0.92623    0.00808    0.83918    0.06228    0.81886    0.58603    0.28508    0.35294
    0.32935    0.42873    0.83282    0.84470    0.82304    0.69047    0.63289    0.62990    0.81040    0.44841    0.79742    0.37154    0.84266    0.05547    0.89833    0.32085
    0.34396    0.07861    0.97596    0.38365    0.56119    0.25604    0.20146    0.50789    0.69855    0.93183    0.18014    0.92008    0.36097    0.22305    0.47792    0.51795
    0.99231    0.77122    0.62850    0.51150    0.95764    0.71263    0.80414    0.38498    0.21055    0.40378    0.77589    0.83609    0.36113    0.17911    0.61438    0.18110
    0.29076    0.17646    0.62156    0.26454    0.05455    0.08405    0.64422    0.97107    0.79360    0.62082    0.39674    0.73373    0.00615    0.96774    0.72262    0.30277
    0.76262    0.18375    0.88074    0.95582    0.84152    0.70835    0.88509    0.69455    0.17673    0.79383    0.34612    0.02224    0.76558    0.05719    0.55202    0.17715
    0.53280    0.88733    0.25810    0.71862    0.01134    0.95232    0.90223    0.96454    0.61404    0.24374    0.79868    0.97363    0.79667    0.22391    0.97954    0.32937
    0.82664    0.74452    0.69290    0.27997    0.28082    0.54074    0.60774    0.15121    0.01703    0.98998    0.65996    0.20334    0.41984    0.81411    0.38809    0.96821
    0.82637    0.43879    0.49755    0.68218    0.19710    0.89566    0.99787    0.30878    0.56096    0.92801    0.21369    0.33493    0.73324    0.56401    0.65966    0.44479
    0.43234    0.42364    0.40088    0.24147    0.68641    0.49073    0.51336    0.02816    0.07594    0.59875    0.06168    0.91360    0.63301    0.62391    0.52290    0.01303
    0.22108    0.97469    0.91923    0.09745    0.37243    0.86935    0.25098    0.41235    0.89223    0.26593    0.59087    0.70442    0.82906    0.76285    0.40800    0.02989
    0.04315    0.19297    0.67754    0.93918    0.14354    0.68559    0.37581    0.21540    0.71378    0.31742    0.99821    0.46236    0.85357    0.01353    0.85531    0.92217
    0.74972    0.36203    0.51220    0.88665    0.15344    0.37289    0.61130    0.90966    0.34359    0.39779    0.47731    0.46246    0.25229    0.61732    0.39166    0.64435
    0.17808    0.08744    0.99478    0.80490    0.67118    0.63923    0.20406    0.45136    0.42210    0.49329    0.34935    0.38761    0.01222    0.29177    0.09636    0.99061
    0.43027    0.91125    0.91861    0.29240    0.11208    0.74253    0.93420    0.35014    0.85162    0.36653    0.76085    0.11698    0.69019    0.07161    0.40313    0.07678
    0.14569    0.24001    0.40165    0.99330    0.70246    0.77894    0.36614    0.16241    0.95818    0.86395    0.01230    0.51844    0.91612    0.97434    0.29683    0.73405
    0.73985    0.41261    0.89302    0.73710    0.37287    0.01171    0.17262    0.43439    0.56707    0.42374    0.11737    0.81514    0.89811    0.25946    0.51672    0.30495
    0.33566    0.27875    0.84246    0.53156    0.13266    0.74581    0.89678    0.56631    0.06128    0.40561    0.56766    0.25663    0.06673    0.67707    0.18727    0.38520
    0.63308    0.26659    0.51373    0.22267    0.82388    0.65995    0.96995    0.00014    0.01751    0.92444    0.54740    0.19062    0.37393    0.43308    0.72061    0.97811
    0.43196    0.27385    0.33521    0.77717    0.67052    0.39619    0.23954    0.42165    0.17399    0.46735    0.06170    0.83146    0.34961    0.76366    0.19644    0.94258
    0.35423    0.77738    0.77836    0.14023    0.65868    0.27791    0.47205    0.05401    0.40609    0.31259    0.27136    0.93786    0.27544    0.77402    0.69554    0.08388
bh2
    0.85096    0.07996    0.84456    0.89473    0.31897    0.19473    0.75944    0.47742    0.42609    0.77747    0.85031    0.37172    0.60064    0.27841    0.01748    0.75079
ws
    0.05141
    0.27587
   -0.12588
    0.36380
    0.38986
    0.46751
    0.01642
    0.25998
   -0.32850
   -0.27683
   -0.23194
   -0.02978
    0.06615
    0.23915
   -0.35342
    0.18053
bs
    0.97025
Alpha:        0.8966
Eta:        0.4580
Activation Function: TANGENT
MeanSquaredError:   1.986472E-04
Epoch :       200
NFE:        413
