Objective Function (MPCA): 
  2.426952E-04
Activation Function: 
  2
Hidden Layers: 
  2
Neurons First Layer: 
 40
Neurons Second Layer: 
 15
wh1
    0.94762    0.86801    0.12971    0.92767    0.39731    0.52069    0.80554    0.76262    0.56337    0.76544    0.11114    0.36076    0.74509    0.05922    0.38914    0.70277    0.39813    0.69892    0.89161    0.33523    0.92719    0.41355    0.83340    0.70206    0.51316    0.88881    0.89973    0.85696    0.44604    0.69067    0.31058    0.50640    0.82464    0.00674    0.02024    0.22086    0.11793    0.21049    0.00878    0.21089
    0.83693    0.94358    0.87941    0.20906    0.30664    0.71068    0.56786    0.57786    0.01282    0.79617    0.19979    0.24809    0.96486    0.32157    0.49303    0.06847    0.41083    0.47646    0.42433    0.12122    0.09401    0.06901    0.93959    0.38654    0.73688    0.84371    0.55744    0.99712    0.66363    0.55917    0.72671    0.41645    0.01497    0.52381    0.31058    0.40627    0.31591    0.23328    0.89643    0.75245
    0.64216    0.54218    0.06110    0.44592    0.95081    0.91868    0.37905    0.79633    0.52778    0.05532    0.07924    0.09762    0.10956    0.52075    0.00011    0.89136    0.01206    0.14602    0.99499    0.72420    0.66155    0.16820    0.64056    0.55257    0.13321    0.27194    0.46657    0.99191    0.28208    0.73698    0.72148    0.64956    0.60262    0.50239    0.64211    0.31641    0.87328    0.26398    0.70339    0.08046
    0.69177    0.18169    0.07023    0.74995    0.68960    0.50998    0.55829    0.41468    0.23619    0.23189    0.77981    0.19488    0.79568    0.90895    0.43914    0.82350    0.80996    0.05063    0.60170    0.64750    0.06188    0.04566    0.29713    0.39561    0.60461    0.62445    0.87398    0.15967    0.54416    0.46965    0.17985    0.52661    0.49307    0.15776    0.43453    0.65441    0.20024    0.39408    0.27670    0.67629
    0.43244    0.63434    0.49094    0.61950    0.90910    0.35231    0.07432    0.73641    0.83020    0.18922    0.97717    0.24393    0.95000    0.59995    0.53504    0.81134    0.43022    0.46219    0.70605    0.19165    0.90886    0.49783    0.23970    0.92524    0.23778    0.24328    0.88836    0.16469    0.65389    0.71022    0.66691    0.26301    0.32027    0.38119    0.17549    0.78706    0.88364    0.88146    0.16903    0.10111
bh1
    0.08670    0.84675    0.96475    0.27307    0.55069    0.20806    0.75377    0.95489    0.08219    0.33221    0.39908    0.35043    0.21644    0.01277    0.43612    0.03311    0.74408    0.38814    0.37457    0.91043    0.42134    0.11762    0.02251    0.57298    0.82246    0.88897    0.16203    0.74453    0.16501    0.54631    0.40858    0.01528    0.21623    0.79124    0.98746    0.44280    0.26415    0.06691    0.46666    0.82337
wh2
    0.34844    0.39266    0.95086    0.33876    0.22304    0.02614    0.49213    0.44350    0.51706    0.86955    0.94337    0.00360    0.91984    0.84193    0.67429
    0.19255    0.35559    0.06198    0.54382    0.83114    0.12312    0.47148    0.68340    0.31286    0.91492    0.16014    0.81664    0.58803    0.93390    0.90861
    0.97284    0.32413    0.72643    0.50300    0.06542    0.60581    0.27734    0.61612    0.00164    0.80034    0.68827    0.97399    0.51454    0.32956    0.66965
    0.26433    0.38537    0.66721    0.53466    0.87154    0.30436    0.84367    0.80663    0.28383    0.36037    0.82214    0.15074    0.21785    0.82756    0.24659
    0.31351    0.41513    0.31885    0.93290    0.37076    0.44114    0.83162    0.19114    0.45136    0.46486    0.58716    0.10466    0.96264    0.62889    0.13740
    0.10152    0.18505    0.84891    0.92348    0.53194    0.21952    0.47485    0.61797    0.72174    0.19179    0.12121    0.97849    0.81973    0.37984    0.53424
    0.54142    0.45223    0.27206    0.90667    0.91989    0.50076    0.79463    0.75815    0.57806    0.46740    0.12786    0.33703    0.46472    0.00334    0.55496
    0.53723    0.40667    0.88746    0.97968    0.94965    0.30243    0.76437    0.11518    0.99550    0.28231    0.70904    0.61185    0.80372    0.18573    0.98334
    0.64655    0.73229    0.90720    0.73262    0.74025    0.87159    0.01431    0.26119    0.12512    0.53798    0.63680    0.88171    0.05323    0.35467    0.01982
    0.75511    0.92049    0.71010    0.75202    0.12664    0.35914    0.51901    0.46756    0.13071    0.02515    0.37540    0.08188    0.53431    0.39653    0.79815
    0.41609    0.41192    0.38024    0.70203    0.18791    0.74032    0.41951    0.70557    0.89668    0.96164    0.32034    0.33948    0.88707    0.98250    0.30422
    0.30715    0.64804    0.73509    0.52073    0.92024    0.12699    0.35011    0.90014    0.01465    0.04389    0.35015    0.80867    0.82828    0.07963    0.65032
    0.32643    0.91814    0.10351    0.00586    0.22948    0.81777    0.68342    0.92706    0.37616    0.68294    0.80135    0.94648    0.44692    0.75496    0.50162
    0.02003    0.20687    0.48733    0.78127    0.87283    0.78397    0.13085    0.53033    0.46699    0.49001    0.19694    0.51735    0.86552    0.28919    0.91101
    0.29860    0.39193    0.18045    0.49204    0.50215    0.18475    0.01147    0.02430    0.78196    0.59009    0.39847    0.12931    0.84434    0.98925    0.12801
    0.73237    0.65938    0.82129    0.39115    0.64278    0.08050    0.47025    0.25812    0.49597    0.67137    0.33933    0.99389    0.01405    0.69139    0.69244
    0.90623    0.19189    0.71752    0.83816    0.95782    0.46339    0.37845    0.16204    0.83240    0.29379    0.12344    0.63594    0.36118    0.88636    0.59281
    0.11077    0.33163    0.19599    0.32962    0.59637    0.04384    0.24324    0.78172    0.89289    0.28108    0.30394    0.85470    0.49949    0.07980    0.28526
    0.80661    0.60592    0.21606    0.97531    0.92191    0.27399    0.59499    0.56582    0.02785    0.84152    0.23846    0.02998    0.40429    0.30834    0.21038
    0.07592    0.87034    0.48205    0.46332    0.28611    0.25927    0.71697    0.75629    0.18010    0.57340    0.90749    0.81622    0.25769    0.43384    0.05422
    0.13910    0.36358    0.73700    0.28110    0.31156    0.88868    0.48672    0.77637    0.66338    0.21425    0.97358    0.62718    0.23751    0.48786    0.04981
    0.62641    0.21731    0.65999    0.61941    0.86689    0.41664    0.64543    0.89989    0.94298    0.14530    0.61535    0.37598    0.94179    0.14406    0.06103
    0.54194    0.40447    0.45274    0.43336    0.40355    0.22136    0.58002    0.85842    0.44169    0.85888    0.41054    0.19313    0.69912    0.79101    0.15465
    0.02417    0.21136    0.00421    0.86655    0.19263    0.10284    0.62545    0.00916    0.55222    0.34470    0.79839    0.62673    0.27755    0.86341    0.80910
    0.46981    0.25423    0.47755    0.48011    0.20729    0.07973    0.98783    0.19352    0.42000    0.96704    0.16307    0.94219    0.65544    0.16296    0.18230
    0.78292    0.10372    0.38406    0.82353    0.22018    0.45557    0.79689    0.53878    0.95801    0.19833    0.30815    0.21943    0.53296    0.83280    0.06677
    0.83515    0.87516    0.42197    0.70626    0.60566    0.83677    0.83316    0.81377    0.41684    0.40049    0.47857    0.47078    0.79095    0.63331    0.52609
    0.88230    0.71191    0.55439    0.33285    0.56961    0.61380    0.27619    0.18882    0.28398    0.82912    0.82457    0.77326    0.32834    0.54232    0.29536
    0.01654    0.55084    0.09379    0.84277    0.94312    0.89132    0.18790    0.49133    0.29734    0.02904    0.74718    0.69369    0.24185    0.78091    0.50964
    0.45462    0.86470    0.60197    0.87223    0.82166    0.13203    0.01483    0.64013    0.59332    0.71694    0.83208    0.54457    0.06504    0.69772    0.12696
    0.57930    0.88833    0.98579    0.25890    0.25837    0.98510    0.08839    0.85065    0.37357    0.20923    0.61401    0.81912    0.10941    0.16254    0.67423
    0.47714    0.48130    0.07684    0.17823    0.13724    0.29584    0.69428    0.88924    0.52262    0.28474    0.00850    0.13678    0.96251    0.20243    0.44943
    0.59256    0.17630    0.03953    0.47300    0.49815    0.15435    0.20167    0.77079    0.58620    0.16055    0.55945    0.16799    0.99210    0.03493    0.32227
    0.77406    0.30742    0.51662    0.82701    0.19613    0.14247    0.26580    0.20158    0.76548    0.33180    0.16794    0.27606    0.54364    0.46138    0.18726
    0.67229    0.32096    0.33606    0.47467    0.66732    0.89367    0.81117    0.64498    0.75178    0.73406    0.93761    0.32109    0.16349    0.70510    0.34618
    0.24067    0.41443    0.72693    0.81002    0.47551    0.02919    0.60664    0.07406    0.37958    0.96167    0.96008    0.12480    0.80142    0.06043    0.82255
    0.71703    0.42346    0.16713    0.06122    0.22806    0.11177    0.73224    0.95670    0.10341    0.51413    0.15651    0.92053    0.51627    0.34774    0.01802
    0.96317    0.84391    0.61644    0.37541    0.05774    0.10891    0.85417    0.71660    0.24580    0.13609    0.09271    0.50197    0.39578    0.07395    0.42633
    0.47129    0.33274    0.77573    0.91772    0.56675    0.14185    0.11855    0.30416    0.96666    0.46008    0.11975    0.58414    0.23403    0.30125    0.44489
    0.72745    0.39982    0.49057    0.51718    0.37864    0.49674    0.53759    0.90088    0.99396    0.51430    0.35590    0.68168    0.93122    0.94761    0.70265
bh2
    0.38090    0.11611    0.60157    0.95622    0.59762    0.66428    0.35780    0.60963    0.68051    0.91563    0.59282    0.78445    0.38347    0.98269    0.60708
ws
   -0.09480
   -0.54333
    0.39747
    0.30250
   -0.20709
   -0.15372
    0.28800
    0.09906
    0.10064
    0.05232
    0.36200
    0.06272
    0.22628
   -0.41989
    0.27764
bs
    0.75118
Alpha:        0.6971
Eta:        0.4854
Activation Function: TANGENT
MeanSquaredError:   2.426952E-04
Epoch :       200
NFE:        356
