    0.00003
    0.13534
    0.11875
    0.09849
    0.07848
    0.06128
    0.04598
    0.03659
    0.02434
    0.01761
    0.01129
    0.00664
    0.00259
   -0.00104
   -0.00378
   -0.00723
   -0.00783
   -0.01054
   -0.01145
   -0.01336
   -0.01514
   -0.01514
   -0.01716
   -0.01785
   -0.01945
   -0.02014
   -0.02118
   -0.02153
   -0.02254
   -0.02247
   -0.02235
   -0.02057
   -0.01817
   -0.01396
   -0.00609
    0.00264
    0.01211
    0.01824
    0.02109
    0.02297
   -0.00146
   -0.00036
   -0.00032
   -0.00281
   -0.00367
   -0.00058
    0.00000
    0.00002
    0.00002
    0.00002
    0.00003
    0.00003
    0.00003
    0.00003
    0.00003
    0.00003
    0.00003
    0.00003
    0.00003
    0.00003
    0.00003
    0.00003
    0.00004
    0.00003
    0.00003
    0.00003
    0.00003
    0.00003
    0.00003
    0.00003
    0.00003
    0.00003
    0.00003
    0.00002
    0.00003
    0.00001
    0.00002
    0.00002
    0.00002
    0.00002
    0.00002
    0.00002
    0.00002
    0.00003
    0.00003
    0.00003
    0.00003
    0.00003
    0.00003
    0.00003
    0.00003
    0.00003
    0.00003
    0.00003
    0.00003
    0.00003
    0.00003
    0.00003
    0.00003
    0.00003
    0.00003
    0.00003
    0.00003
    0.00003
    0.00003
    0.00003
    0.00003
    0.00003
    0.00003
    0.00003
    0.00003
    0.00003
    0.00003
    0.00003
    0.00003
    0.00003
    0.00003
    0.00003
    0.00003
    0.00003
    0.00003
    0.00003
    0.00003
    0.00003
    0.00003
    0.00003
    0.00003
    0.00003
    0.00003
    0.00003
    0.00003
    0.00003
    0.00003
    0.00003
    0.00003
    0.00003
    0.00003
    0.00003
    0.00003
    0.00003
    0.00003
    0.00003
    0.00003
    0.00003
    0.00003
    0.00003
    0.00003
    0.00003
    0.00003
    0.00003
    0.00003
    0.10553
    0.09970
    0.09407
    0.08618
    0.07800
    0.06856
    0.05914
    0.05026
    0.04362
    0.03534
    0.02773
    0.02160
    0.01651
    0.01145
    0.00664
    0.00334
    0.00052
   -0.00311
   -0.00532
   -0.00708
   -0.00863
   -0.01043
   -0.01159
   -0.01264
   -0.01338
   -0.01362
   -0.01352
   -0.01338
   -0.01289
   -0.01178
   -0.01032
   -0.00836
   -0.00581
   -0.00311
   -0.00043
    0.00135
    0.00153
   -0.00084
   -0.00796
   -0.00928
   -0.01466
   -0.00848
   -0.00009
   -0.00105
   -0.00085
    0.00000
    0.00001
    0.00002
    0.00002
    0.00003
    0.00003
    0.00003
    0.00003
    0.00003
    0.00003
    0.00003
    0.00003
    0.00003
    0.00003
    0.00003
    0.00003
    0.00004
    0.00003
    0.00003
    0.00003
    0.00003
    0.00003
    0.00003
    0.00003
    0.00003
    0.00004
    0.00002
    0.00002
    0.00003
    0.00001
    0.00002
    0.00002
    0.00002
    0.00002
    0.00002
    0.00002
    0.00002
    0.00003
    0.00003
    0.00003
    0.00003
    0.00003
    0.00003
    0.00003
    0.00003
    0.00003
    0.00003
    0.00003
    0.00003
    0.00003
    0.00003
    0.00003
    0.00003
    0.00003
    0.00003
    0.00003
    0.00003
    0.00003
    0.00003
    0.00003
    0.00003
    0.00003
    0.00003
    0.00003
    0.00003
    0.00003
    0.00003
    0.00003
    0.00003
    0.00003
    0.00003
    0.00003
    0.00003
    0.00003
    0.00003
    0.00003
    0.00003
    0.00003
    0.00003
    0.00003
    0.00003
    0.00003
    0.00003
    0.00003
    0.00003
    0.00003
    0.00003
    0.00003
    0.00003
    0.00003
    0.00003
    0.00003
    0.00003
    0.00003
    0.00003
    0.00003
    0.00003
    0.00003
    0.00003
    0.00003
    0.00003
    0.00003
    0.00003
    0.00003
    0.00003
    0.09442
    0.09052
    0.08814
    0.08385
    0.07930
    0.07280
    0.06643
    0.06003
    0.05533
    0.04729
    0.04133
    0.03516
    0.03058
    0.02528
    0.02044
    0.01663
    0.01193
    0.00925
    0.00619
    0.00320
    0.00110
   -0.00084
   -0.00269
   -0.00390
   -0.00550
   -0.00606
   -0.00676
   -0.00814
   -0.00838
   -0.00863
   -0.00895
   -0.00900
   -0.00931
   -0.00948
   -0.00987
   -0.01115
   -0.01332
   -0.01616
   -0.02108
   -0.02794
   -0.02203
   -0.01504
   -0.00373
   -0.00092
   -0.00005
    0.00000
    0.00001
    0.00002
    0.00002
    0.00003
    0.00003
    0.00003
    0.00003
    0.00003
    0.00003
    0.00003
    0.00003
    0.00003
    0.00003
    0.00003
    0.00003
    0.00004
    0.00003
    0.00003
    0.00003
    0.00003
    0.00003
    0.00003
    0.00003
    0.00003
    0.00007
    0.00002
    0.00002
    0.00003
    0.00001
    0.00002
    0.00002
    0.00002
    0.00002
    0.00002
    0.00002
    0.00002
    0.00003
    0.00003
    0.00003
    0.00003
    0.00003
    0.00003
    0.00003
    0.00003
    0.00003
    0.00003
    0.00003
    0.00003
    0.00003
    0.00003
    0.00003
    0.00003
    0.00003
    0.00003
    0.00003
    0.00003
    0.00003
    0.00003
    0.00003
    0.00003
    0.00003
    0.00003
    0.00003
    0.00003
    0.00003
    0.00003
    0.00003
    0.00003
    0.00003
    0.00003
    0.00003
    0.00003
    0.00003
    0.00003
    0.00003
    0.00003
    0.00003
    0.00003
    0.00003
    0.00003
    0.00003
    0.00003
    0.00003
    0.00003
    0.00003
    0.00003
    0.00003
    0.00003
    0.00003
    0.00003
    0.00003
    0.00003
    0.00003
    0.00003
    0.00003
    0.00003
    0.00003
    0.00003
    0.00003
    0.00003
    0.00003
    0.00003
    0.00003
    0.00003
    0.08970
    0.08659
    0.08540
    0.08254
    0.07933
    0.07435
    0.06978
    0.06487
    0.05896
    0.05415
    0.04862
    0.04429
    0.03832
    0.03449
    0.03061
    0.02551
    0.02223
    0.01796
    0.01501
    0.01159
    0.00941
    0.00655
    0.00458
    0.00234
    0.00029
   -0.00158
   -0.00326
   -0.00533
   -0.00667
   -0.00832
   -0.00964
   -0.01095
   -0.01207
   -0.01359
   -0.01511
   -0.01710
   -0.01929
   -0.02175
   -0.02596
   -0.02977
   -0.02582
   -0.01748
   -0.00652
   -0.00565
   -0.00105
    0.00000
    0.00001
    0.00002
    0.00002
    0.00003
    0.00003
    0.00003
    0.00003
    0.00003
    0.00003
    0.00003
    0.00003
    0.00003
    0.00003
    0.00003
    0.00003
    0.00004
    0.00003
    0.00003
    0.00003
    0.00003
    0.00003
    0.00003
    0.00003
    0.00003
    0.00010
    0.00002
    0.00003
    0.00003
    0.00001
    0.00002
    0.00002
    0.00002
    0.00002
    0.00002
    0.00002
    0.00002
    0.00003
    0.00003
    0.00003
    0.00003
    0.00003
    0.00003
    0.00003
    0.00003
    0.00003
    0.00003
    0.00003
    0.00003
    0.00003
    0.00003
    0.00003
    0.00003
    0.00003
    0.00003
    0.00003
    0.00003
    0.00003
    0.00003
    0.00003
    0.00003
    0.00003
    0.00003
    0.00003
    0.00003
    0.00003
    0.00003
    0.00003
    0.00003
    0.00003
    0.00003
    0.00003
    0.00003
    0.00003
    0.00003
    0.00003
    0.00003
    0.00003
    0.00003
    0.00003
    0.00003
    0.00003
    0.00003
    0.00003
    0.00003
    0.00003
    0.00003
    0.00003
    0.00003
    0.00003
    0.00003
    0.00003
    0.00003
    0.00003
    0.00003
    0.00003
    0.00003
    0.00003
    0.00003
    0.00003
    0.00003
    0.00003
    0.00003
    0.00003
    0.00003
    0.08742
    0.08478
    0.08424
    0.08205
    0.07970
    0.07585
    0.07098
    0.06668
    0.06389
    0.05848
    0.05271
    0.04862
    0.04466
    0.04062
    0.03628
    0.03213
    0.02776
    0.02480
    0.02146
    0.01805
    0.01474
    0.01219
    0.00904
    0.00638
    0.00417
    0.00151
   -0.00017
   -0.00361
   -0.00548
   -0.00764
   -0.00956
   -0.01135
   -0.01323
   -0.01482
   -0.01678
   -0.01831
   -0.01993
   -0.02128
   -0.02370
   -0.02604
   -0.02671
   -0.02017
   -0.01148
   -0.00712
   -0.00271
   -0.00004
    0.00001
    0.00002
    0.00002
    0.00003
    0.00003
    0.00003
    0.00003
    0.00003
    0.00003
    0.00003
    0.00003
    0.00003
    0.00003
    0.00003
    0.00003
    0.00004
    0.00003
    0.00003
    0.00003
    0.00003
    0.00003
    0.00003
    0.00003
    0.00003
    0.00013
    0.00002
    0.00003
    0.00003
    0.00001
    0.00002
    0.00002
    0.00002
    0.00002
    0.00002
    0.00002
    0.00002
    0.00003
    0.00003
    0.00003
    0.00003
    0.00003
    0.00003
    0.00003
    0.00003
    0.00003
    0.00003
    0.00003
    0.00003
    0.00003
    0.00003
    0.00003
    0.00003
    0.00003
    0.00003
    0.00003
    0.00003
    0.00003
    0.00003
    0.00003
    0.00003
    0.00003
    0.00003
    0.00003
    0.00003
    0.00003
    0.00003
    0.00003
    0.00003
    0.00003
    0.00003
    0.00003
    0.00003
    0.00003
    0.00003
    0.00003
    0.00003
    0.00003
    0.00003
    0.00003
    0.00003
    0.00003
    0.00003
    0.00003
    0.00003
    0.00003
    0.00003
    0.00003
    0.00003
    0.00003
    0.00003
    0.00003
    0.00003
    0.00003
    0.00003
    0.00003
    0.00003
    0.00003
    0.00003
    0.00003
    0.00003
    0.00003
    0.00003
    0.00003
    0.00003
    0.08593
    0.08398
    0.08366
    0.08188
    0.08026
    0.07665
    0.07271
    0.06918
    0.06492
    0.06043
    0.05817
    0.05229
    0.04852
    0.04434
    0.04051
    0.03642
    0.03297
    0.02856
    0.02525
    0.02190
    0.01857
    0.01603
    0.01287
    0.00939
    0.00720
    0.00349
    0.00142
   -0.00110
   -0.00379
   -0.00642
   -0.00858
   -0.01092
   -0.01283
   -0.01450
   -0.01599
   -0.01778
   -0.01914
   -0.02033
   -0.02175
   -0.02360
   -0.02605
   -0.02059
   -0.01223
   -0.00646
   -0.00471
   -0.00027
    0.00001
    0.00002
    0.00002
    0.00003
    0.00003
    0.00003
    0.00003
    0.00003
    0.00003
    0.00003
    0.00003
    0.00003
    0.00003
    0.00003
    0.00003
    0.00004
    0.00003
    0.00003
    0.00003
    0.00003
    0.00003
    0.00003
    0.00003
    0.00003
    0.00016
    0.00002
    0.00003
    0.00003
    0.00001
    0.00002
    0.00002
    0.00002
    0.00002
    0.00002
    0.00002
    0.00002
    0.00003
    0.00003
    0.00003
    0.00003
    0.00003
    0.00003
    0.00003
    0.00003
    0.00003
    0.00003
    0.00003
    0.00003
    0.00003
    0.00003
    0.00003
    0.00003
    0.00003
    0.00003
    0.00003
    0.00003
    0.00003
    0.00003
    0.00003
    0.00003
    0.00003
    0.00003
    0.00003
    0.00003
    0.00003
    0.00003
    0.00003
    0.00003
    0.00003
    0.00003
    0.00003
    0.00003
    0.00003
    0.00003
    0.00003
    0.00003
    0.00003
    0.00003
    0.00003
    0.00003
    0.00003
    0.00003
    0.00003
    0.00003
    0.00003
    0.00003
    0.00003
    0.00003
    0.00003
    0.00003
    0.00003
    0.00003
    0.00003
    0.00003
    0.00003
    0.00003
    0.00003
    0.00003
    0.00003
    0.00003
    0.00003
    0.00003
    0.00003
    0.00003
    0.08517
    0.08350
    0.08330
    0.08193
    0.08050
    0.07688
    0.07377
    0.06994
    0.06638
    0.06293
    0.06174
    0.05608
    0.05157
    0.04715
    0.04354
    0.03952
    0.03615
    0.03178
    0.02856
    0.02524
    0.02157
    0.01830
    0.01544
    0.01233
    0.00872
    0.00668
    0.00351
    0.00049
   -0.00201
   -0.00492
   -0.00706
   -0.00971
   -0.01163
   -0.01334
   -0.01507
   -0.01670
   -0.01792
   -0.01877
   -0.01967
   -0.02076
   -0.02163
   -0.02132
   -0.01163
   -0.00599
   -0.00546
   -0.00061
    0.00001
    0.00002
    0.00002
    0.00003
    0.00003
    0.00003
    0.00003
    0.00003
    0.00003
    0.00003
    0.00003
    0.00003
    0.00003
    0.00003
    0.00002
    0.00004
    0.00003
    0.00003
    0.00003
    0.00003
    0.00003
    0.00003
    0.00003
    0.00003
    0.00017
    0.00002
    0.00003
    0.00003
    0.00001
    0.00002
    0.00002
    0.00002
    0.00002
    0.00002
    0.00002
    0.00002
    0.00003
    0.00003
    0.00003
    0.00003
    0.00003
    0.00003
    0.00003
    0.00003
    0.00003
    0.00003
    0.00003
    0.00003
    0.00003
    0.00003
    0.00003
    0.00003
    0.00003
    0.00003
    0.00003
    0.00003
    0.00003
    0.00003
    0.00003
    0.00003
    0.00003
    0.00003
    0.00003
    0.00003
    0.00003
    0.00003
    0.00003
    0.00003
    0.00003
    0.00003
    0.00003
    0.00003
    0.00003
    0.00003
    0.00003
    0.00003
    0.00003
    0.00003
    0.00003
    0.00003
    0.00003
    0.00003
    0.00003
    0.00003
    0.00003
    0.00003
    0.00003
    0.00003
    0.00003
    0.00003
    0.00003
    0.00003
    0.00003
    0.00003
    0.00003
    0.00003
    0.00003
    0.00003
    0.00003
    0.00003
    0.00003
    0.00003
    0.00003
    0.00003
    0.08387
    0.08271
    0.08293
    0.08256
    0.08130
    0.07854
    0.07506
    0.07198
    0.06837
    0.06456
    0.06121
    0.05709
    0.05358
    0.04976
    0.04609
    0.04227
    0.03926
    0.03503
    0.03177
    0.02854
    0.02480
    0.02161
    0.01871
    0.01489
    0.01158
    0.00912
    0.00591
    0.00277
   -0.00007
   -0.00286
   -0.00533
   -0.00730
   -0.00972
   -0.01129
   -0.01289
   -0.01387
   -0.01448
   -0.01462
   -0.01366
   -0.01421
   -0.01565
   -0.01753
   -0.01045
   -0.00653
   -0.00530
   -0.00086
    0.00000
    0.00002
    0.00002
    0.00003
    0.00003
    0.00003
    0.00003
    0.00003
    0.00003
    0.00003
    0.00003
    0.00003
    0.00003
    0.00005
    0.00003
    0.00004
    0.00003
    0.00003
    0.00003
    0.00003
    0.00003
    0.00003
    0.00003
    0.00003
    0.00018
    0.00002
    0.00003
    0.00003
    0.00001
    0.00002
    0.00002
    0.00002
    0.00002
    0.00002
    0.00002
    0.00002
    0.00003
    0.00003
    0.00003
    0.00003
    0.00003
    0.00003
    0.00003
    0.00003
    0.00003
    0.00003
    0.00003
    0.00003
    0.00003
    0.00003
    0.00003
    0.00003
    0.00003
    0.00003
    0.00003
    0.00003
    0.00003
    0.00003
    0.00003
    0.00003
    0.00003
    0.00003
    0.00003
    0.00003
    0.00003
    0.00003
    0.00003
    0.00003
    0.00003
    0.00003
    0.00003
    0.00003
    0.00003
    0.00003
    0.00003
    0.00003
    0.00003
    0.00003
    0.00003
    0.00003
    0.00003
    0.00003
    0.00003
    0.00003
    0.00003
    0.00003
    0.00003
    0.00003
    0.00003
    0.00003
    0.00003
    0.00003
    0.00003
    0.00003
    0.00003
    0.00003
    0.00003
    0.00003
    0.00003
    0.00003
    0.00003
    0.00003
    0.00003
    0.00003
    0.08316
    0.08222
    0.08283
    0.08268
    0.08181
    0.07927
    0.07599
    0.07282
    0.06966
    0.06630
    0.06247
    0.05912
    0.05543
    0.05164
    0.04812
    0.04504
    0.04103
    0.03835
    0.03401
    0.03077
    0.02746
    0.02421
    0.02063
    0.01780
    0.01410
    0.01157
    0.00832
    0.00530
    0.00257
   -0.00033
   -0.00282
   -0.00503
   -0.00685
   -0.00853
   -0.00992
   -0.01068
   -0.01107
   -0.01113
   -0.01020
   -0.01007
   -0.01137
   -0.01474
   -0.00993
   -0.00555
   -0.00383
   -0.00088
    0.00000
    0.00002
    0.00002
    0.00003
    0.00003
    0.00003
    0.00003
    0.00003
    0.00003
    0.00003
    0.00003
    0.00003
    0.00003
    0.00005
    0.00003
    0.00004
    0.00003
    0.00003
    0.00003
    0.00003
    0.00003
    0.00003
    0.00003
    0.00003
    0.00019
    0.00001
    0.00003
    0.00003
    0.00001
    0.00002
    0.00002
    0.00002
    0.00002
    0.00002
    0.00002
    0.00002
    0.00003
    0.00003
    0.00003
    0.00003
    0.00003
    0.00003
    0.00003
    0.00003
    0.00003
    0.00003
    0.00003
    0.00003
    0.00003
    0.00003
    0.00003
    0.00003
    0.00003
    0.00003
    0.00003
    0.00003
    0.00003
    0.00003
    0.00003
    0.00003
    0.00003
    0.00003
    0.00003
    0.00003
    0.00003
    0.00003
    0.00003
    0.00003
    0.00003
    0.00003
    0.00003
    0.00003
    0.00003
    0.00003
    0.00003
    0.00003
    0.00003
    0.00003
    0.00003
    0.00003
    0.00003
    0.00003
    0.00003
    0.00003
    0.00003
    0.00003
    0.00003
    0.00003
    0.00003
    0.00003
    0.00003
    0.00003
    0.00003
    0.00003
    0.00003
    0.00003
    0.00003
    0.00003
    0.00003
    0.00003
    0.00003
    0.00003
    0.00003
    0.00003
    0.08262
    0.08187
    0.08270
    0.08288
    0.08208
    0.07949
    0.07681
    0.07380
    0.07051
    0.06729
    0.06416
    0.06095
    0.05739
    0.05371
    0.04953
    0.04660
    0.04331
    0.03995
    0.03639
    0.03319
    0.02953
    0.02659
    0.02335
    0.02013
    0.01710
    0.01440
    0.01138
    0.00794
    0.00525
    0.00260
   -0.00013
   -0.00205
   -0.00408
   -0.00573
   -0.00680
   -0.00784
   -0.00819
   -0.00802
   -0.00716
   -0.00692
   -0.00817
   -0.01124
   -0.00907
   -0.00560
   -0.00175
   -0.00063
   -0.00000
    0.00002
    0.00002
    0.00003
    0.00003
    0.00003
    0.00003
    0.00003
    0.00003
    0.00003
    0.00003
    0.00003
    0.00003
    0.00005
    0.00003
    0.00004
    0.00003
    0.00003
    0.00003
    0.00003
    0.00003
    0.00003
    0.00003
    0.00003
    0.00019
    0.00001
    0.00003
    0.00003
    0.00001
    0.00002
    0.00002
    0.00002
    0.00002
    0.00002
    0.00002
    0.00002
    0.00003
    0.00003
    0.00003
    0.00003
    0.00003
    0.00003
    0.00003
    0.00003
    0.00003
    0.00003
    0.00003
    0.00003
    0.00003
    0.00003
    0.00003
    0.00003
    0.00003
    0.00003
    0.00003
    0.00003
    0.00003
    0.00003
    0.00003
    0.00003
    0.00003
    0.00003
    0.00003
    0.00003
    0.00003
    0.00003
    0.00003
    0.00003
    0.00003
    0.00003
    0.00003
    0.00003
    0.00003
    0.00003
    0.00003
    0.00003
    0.00003
    0.00003
    0.00003
    0.00003
    0.00003
    0.00003
    0.00003
    0.00003
    0.00003
    0.00003
    0.00003
    0.00003
    0.00003
    0.00003
    0.00003
    0.00003
    0.00003
    0.00003
    0.00003
    0.00003
    0.00003
    0.00003
    0.00003
    0.00003
    0.00003
    0.00003
    0.00003
    0.00003
    0.08200
    0.08142
    0.08253
    0.08263
    0.08210
    0.07985
    0.07752
    0.07441
    0.07153
    0.06871
    0.06544
    0.06199
    0.05852
    0.05558
    0.05191
    0.04862
    0.04548
    0.04169
    0.03902
    0.03497
    0.03213
    0.02919
    0.02591
    0.02266
    0.01955
    0.01620
    0.01365
    0.01062
    0.00804
    0.00561
    0.00299
    0.00099
   -0.00109
   -0.00251
   -0.00397
   -0.00466
   -0.00521
   -0.00500
   -0.00422
   -0.00302
   -0.00316
   -0.00483
   -0.00791
   -0.00555
   -0.00445
    0.00003
   -0.00001
    0.00002
    0.00002
    0.00003
    0.00003
    0.00003
    0.00003
    0.00003
    0.00003
    0.00003
    0.00003
    0.00003
    0.00003
    0.00005
    0.00003
    0.00004
    0.00003
    0.00003
    0.00003
    0.00003
    0.00003
    0.00003
    0.00003
    0.00004
    0.00019
    0.00001
    0.00003
    0.00003
    0.00001
    0.00002
    0.00002
    0.00002
    0.00002
    0.00002
    0.00002
    0.00002
    0.00003
    0.00003
    0.00003
    0.00003
    0.00003
    0.00003
    0.00003
    0.00003
    0.00003
    0.00003
    0.00003
    0.00003
    0.00003
    0.00003
    0.00003
    0.00003
    0.00003
    0.00003
    0.00003
    0.00003
    0.00003
    0.00003
    0.00003
    0.00003
    0.00003
    0.00003
    0.00003
    0.00003
    0.00003
    0.00003
    0.00003
    0.00003
    0.00003
    0.00003
    0.00003
    0.00003
    0.00003
    0.00003
    0.00003
    0.00003
    0.00003
    0.00003
    0.00003
    0.00003
    0.00003
    0.00003
    0.00003
    0.00003
    0.00003
    0.00003
    0.00003
    0.00003
    0.00003
    0.00003
    0.00003
    0.00003
    0.00003
    0.00003
    0.00003
    0.00003
    0.00003
    0.00003
    0.00003
    0.00003
    0.00003
    0.00003
    0.00003
    0.00003
    0.08141
    0.08111
    0.08245
    0.08275
    0.08243
    0.08034
    0.07746
    0.07545
    0.07245
    0.06946
    0.06595
    0.06325
    0.05985
    0.05701
    0.05377
    0.05016
    0.04707
    0.04417
    0.04023
    0.03789
    0.03456
    0.03127
    0.02837
    0.02501
    0.02257
    0.01976
    0.01644
    0.01322
    0.01067
    0.00830
    0.00587
    0.00394
    0.00209
    0.00041
   -0.00034
   -0.00135
   -0.00170
   -0.00173
   -0.00099
    0.00064
    0.00090
   -0.00034
   -0.00416
   -0.00460
   -0.00828
   -0.00075
   -0.00001
    0.00002
    0.00002
    0.00003
    0.00003
    0.00003
    0.00003
    0.00003
    0.00003
    0.00003
    0.00003
    0.00003
    0.00003
    0.00005
    0.00003
    0.00004
    0.00003
    0.00003
    0.00003
    0.00003
    0.00003
    0.00003
    0.00003
    0.00004
    0.00018
   -0.00000
    0.00003
    0.00003
    0.00001
    0.00002
    0.00002
    0.00002
    0.00002
    0.00002
    0.00002
    0.00002
    0.00003
    0.00003
    0.00003
    0.00003
    0.00003
    0.00003
    0.00003
    0.00003
    0.00003
    0.00003
    0.00003
    0.00003
    0.00003
    0.00003
    0.00003
    0.00003
    0.00003
    0.00003
    0.00003
    0.00003
    0.00003
    0.00003
    0.00003
    0.00003
    0.00003
    0.00003
    0.00003
    0.00003
    0.00003
    0.00003
    0.00003
    0.00003
    0.00003
    0.00003
    0.00003
    0.00003
    0.00003
    0.00003
    0.00003
    0.00003
    0.00003
    0.00003
    0.00003
    0.00003
    0.00003
    0.00003
    0.00003
    0.00003
    0.00003
    0.00003
    0.00003
    0.00003
    0.00003
    0.00003
    0.00003
    0.00003
    0.00003
    0.00003
    0.00003
    0.00003
    0.00003
    0.00003
    0.00003
    0.00003
    0.00003
    0.00003
    0.00003
    0.00003
    0.08092
    0.08079
    0.08223
    0.08269
    0.08272
    0.08058
    0.07829
    0.07568
    0.07301
    0.07011
    0.06736
    0.06440
    0.06148
    0.05798
    0.05518
    0.05164
    0.04894
    0.04609
    0.04337
    0.03945
    0.03696
    0.03401
    0.03070
    0.02737
    0.02517
    0.02192
    0.01953
    0.01662
    0.01407
    0.01118
    0.00892
    0.00670
    0.00505
    0.00400
    0.00263
    0.00194
    0.00173
    0.00182
    0.00234
    0.00363
    0.00451
    0.00263
   -0.00179
   -0.00408
   -0.01202
   -0.00189
   -0.00001
    0.00002
    0.00002
    0.00003
    0.00003
    0.00003
    0.00003
    0.00003
    0.00003
    0.00003
    0.00003
    0.00003
    0.00003
    0.00005
    0.00003
    0.00004
    0.00003
    0.00003
    0.00003
    0.00003
    0.00003
    0.00003
    0.00003
    0.00004
    0.00018
   -0.00001
    0.00003
    0.00003
    0.00001
    0.00002
    0.00002
    0.00002
    0.00002
    0.00002
    0.00002
    0.00002
    0.00003
    0.00003
    0.00003
    0.00003
    0.00003
    0.00003
    0.00003
    0.00003
    0.00003
    0.00003
    0.00003
    0.00003
    0.00003
    0.00003
    0.00003
    0.00003
    0.00003
    0.00003
    0.00003
    0.00003
    0.00003
    0.00003
    0.00003
    0.00003
    0.00003
    0.00003
    0.00003
    0.00003
    0.00003
    0.00003
    0.00003
    0.00003
    0.00003
    0.00003
    0.00003
    0.00003
    0.00003
    0.00003
    0.00003
    0.00003
    0.00003
    0.00003
    0.00003
    0.00003
    0.00003
    0.00003
    0.00003
    0.00003
    0.00003
    0.00003
    0.00003
    0.00003
    0.00003
    0.00003
    0.00003
    0.00003
    0.00003
    0.00003
    0.00003
    0.00003
    0.00003
    0.00003
    0.00003
    0.00003
    0.00003
    0.00003
    0.00003
    0.00003
    0.08041
    0.08024
    0.08179
    0.08264
    0.08281
    0.08122
    0.07886
    0.07638
    0.07383
    0.07135
    0.06874
    0.06554
    0.06270
    0.06001
    0.05690
    0.05340
    0.05083
    0.04796
    0.04496
    0.04220
    0.03894
    0.03558
    0.03346
    0.03036
    0.02780
    0.02479
    0.02227
    0.01950
    0.01673
    0.01432
    0.01223
    0.01050
    0.00846
    0.00683
    0.00598
    0.00511
    0.00481
    0.00452
    0.00475
    0.00553
    0.00629
    0.00429
   -0.00118
   -0.00531
   -0.01390
   -0.00412
   -0.00009
    0.00002
    0.00002
    0.00003
    0.00003
    0.00003
    0.00003
    0.00003
    0.00003
    0.00003
    0.00003
    0.00003
    0.00003
    0.00005
    0.00003
    0.00004
    0.00003
    0.00003
    0.00003
    0.00003
    0.00003
    0.00003
    0.00003
    0.00004
    0.00017
   -0.00001
    0.00004
    0.00002
    0.00001
    0.00003
    0.00002
    0.00002
    0.00002
    0.00002
    0.00002
    0.00002
    0.00003
    0.00003
    0.00003
    0.00003
    0.00003
    0.00003
    0.00003
    0.00003
    0.00003
    0.00003
    0.00003
    0.00003
    0.00003
    0.00003
    0.00003
    0.00003
    0.00003
    0.00003
    0.00003
    0.00003
    0.00003
    0.00003
    0.00003
    0.00003
    0.00003
    0.00003
    0.00003
    0.00003
    0.00003
    0.00003
    0.00003
    0.00003
    0.00003
    0.00003
    0.00003
    0.00003
    0.00003
    0.00003
    0.00003
    0.00003
    0.00003
    0.00003
    0.00003
    0.00003
    0.00003
    0.00003
    0.00003
    0.00003
    0.00003
    0.00003
    0.00003
    0.00003
    0.00003
    0.00003
    0.00003
    0.00003
    0.00003
    0.00003
    0.00003
    0.00003
    0.00003
    0.00003
    0.00003
    0.00003
    0.00003
    0.00003
    0.00003
    0.00003
    0.07981
    0.08000
    0.08167
    0.08241
    0.08331
    0.08167
    0.07947
    0.07684
    0.07499
    0.07202
    0.06981
    0.06707
    0.06433
    0.06137
    0.05832
    0.05531
    0.05310
    0.04998
    0.04698
    0.04420
    0.04184
    0.03882
    0.03543
    0.03320
    0.03053
    0.02744
    0.02552
    0.02251
    0.01983
    0.01763
    0.01528
    0.01344
    0.01148
    0.01020
    0.00882
    0.00798
    0.00733
    0.00678
    0.00690
    0.00715
    0.00694
    0.00315
   -0.00387
   -0.00739
   -0.01364
   -0.00806
   -0.00042
    0.00002
    0.00002
    0.00003
    0.00003
    0.00003
    0.00003
    0.00003
    0.00003
    0.00003
    0.00003
    0.00003
    0.00003
    0.00005
    0.00003
    0.00004
    0.00003
    0.00003
    0.00003
    0.00003
    0.00003
    0.00003
    0.00003
    0.00004
    0.00016
   -0.00001
    0.00004
    0.00002
    0.00001
    0.00003
    0.00002
    0.00002
    0.00002
    0.00002
    0.00002
    0.00002
    0.00003
    0.00003
    0.00003
    0.00003
    0.00003
    0.00003
    0.00003
    0.00003
    0.00003
    0.00003
    0.00003
    0.00003
    0.00003
    0.00003
    0.00003
    0.00003
    0.00003
    0.00003
    0.00003
    0.00003
    0.00003
    0.00003
    0.00003
    0.00003
    0.00003
    0.00003
    0.00003
    0.00003
    0.00003
    0.00003
    0.00003
    0.00003
    0.00003
    0.00003
    0.00003
    0.00003
    0.00003
    0.00003
    0.00003
    0.00003
    0.00003
    0.00003
    0.00003
    0.00003
    0.00003
    0.00003
    0.00003
    0.00003
    0.00003
    0.00003
    0.00003
    0.00003
    0.00003
    0.00003
    0.00003
    0.00003
    0.00003
    0.00003
    0.00003
    0.00003
    0.00003
    0.00003
    0.00003
    0.00003
    0.00003
    0.00003
    0.00003
    0.00003
    0.07931
    0.07961
    0.08144
    0.08248
    0.08344
    0.08194
    0.08033
    0.07784
    0.07617
    0.07332
    0.07060
    0.06792
    0.06563
    0.06349
    0.05976
    0.05723
    0.05510
    0.05195
    0.04945
    0.04638
    0.04351
    0.04098
    0.03838
    0.03643
    0.03293
    0.03096
    0.02850
    0.02541
    0.02303
    0.02062
    0.01822
    0.01636
    0.01449
    0.01269
    0.01150
    0.01049
    0.00937
    0.00894
    0.00850
    0.00846
    0.00695
    0.00289
   -0.00427
   -0.00633
   -0.01257
   -0.01331
   -0.00163
    0.00002
    0.00002
    0.00003
    0.00003
    0.00003
    0.00003
    0.00003
    0.00003
    0.00003
    0.00003
    0.00003
    0.00003
    0.00005
    0.00003
    0.00004
    0.00003
    0.00003
    0.00003
    0.00003
    0.00003
    0.00003
    0.00003
    0.00004
    0.00016
   -0.00001
    0.00004
    0.00002
    0.00001
    0.00003
    0.00002
    0.00002
    0.00002
    0.00002
    0.00002
    0.00002
    0.00003
    0.00003
    0.00003
    0.00003
    0.00003
    0.00003
    0.00003
    0.00003
    0.00003
    0.00003
    0.00003
    0.00003
    0.00003
    0.00003
    0.00003
    0.00003
    0.00003
    0.00003
    0.00003
    0.00003
    0.00003
    0.00003
    0.00003
    0.00003
    0.00003
    0.00003
    0.00003
    0.00003
    0.00003
    0.00003
    0.00003
    0.00003
    0.00003
    0.00003
    0.00003
    0.00003
    0.00003
    0.00003
    0.00003
    0.00003
    0.00003
    0.00003
    0.00003
    0.00003
    0.00003
    0.00003
    0.00003
    0.00003
    0.00003
    0.00003
    0.00003
    0.00003
    0.00003
    0.00003
    0.00003
    0.00003
    0.00003
    0.00003
    0.00003
    0.00003
    0.00003
    0.00003
    0.00003
    0.00003
    0.00003
    0.00003
    0.00003
    0.00003
    0.07896
    0.07926
    0.08140
    0.08237
    0.08355
    0.08217
    0.08092
    0.07884
    0.07613
    0.07428
    0.07199
    0.06874
    0.06651
    0.06447
    0.06154
    0.05902
    0.05708
    0.05350
    0.05145
    0.04877
    0.04601
    0.04388
    0.04039
    0.03892
    0.03608
    0.03326
    0.03079
    0.02862
    0.02565
    0.02333
    0.02145
    0.01905
    0.01693
    0.01565
    0.01381
    0.01258
    0.01167
    0.01065
    0.01027
    0.01027
    0.00846
    0.00466
   -0.00047
   -0.00742
   -0.01060
   -0.01717
   -0.00400
    0.00002
    0.00002
    0.00003
    0.00003
    0.00003
    0.00003
    0.00003
    0.00003
    0.00003
    0.00003
    0.00003
    0.00003
    0.00005
    0.00003
    0.00004
    0.00003
    0.00003
    0.00003
    0.00003
    0.00003
    0.00003
    0.00003
    0.00004
    0.00015
   -0.00001
    0.00004
    0.00002
    0.00001
    0.00003
    0.00002
    0.00002
    0.00002
    0.00002
    0.00002
    0.00002
    0.00003
    0.00003
    0.00003
    0.00003
    0.00003
    0.00003
    0.00003
    0.00003
    0.00003
    0.00003
    0.00003
    0.00003
    0.00003
    0.00003
    0.00003
    0.00003
    0.00003
    0.00003
    0.00003
    0.00003
    0.00003
    0.00003
    0.00003
    0.00003
    0.00003
    0.00003
    0.00003
    0.00003
    0.00003
    0.00003
    0.00003
    0.00003
    0.00003
    0.00003
    0.00003
    0.00003
    0.00003
    0.00003
    0.00003
    0.00003
    0.00003
    0.00003
    0.00003
    0.00003
    0.00003
    0.00003
    0.00003
    0.00003
    0.00003
    0.00003
    0.00003
    0.00003
    0.00003
    0.00003
    0.00003
    0.00003
    0.00003
    0.00003
    0.00003
    0.00003
    0.00003
    0.00003
    0.00003
    0.00003
    0.00003
    0.00003
    0.00003
    0.00003
    0.07850
    0.07911
    0.08121
    0.08251
    0.08397
    0.08234
    0.08097
    0.07923
    0.07717
    0.07518
    0.07262
    0.07013
    0.06839
    0.06528
    0.06285
    0.06041
    0.05803
    0.05534
    0.05340
    0.05023
    0.04875
    0.04576
    0.04351
    0.04082
    0.03837
    0.03544
    0.03298
    0.03064
    0.02823
    0.02566
    0.02360
    0.02149
    0.01957
    0.01769
    0.01602
    0.01510
    0.01368
    0.01306
    0.01314
    0.01274
    0.01131
    0.00796
    0.00196
   -0.00676
   -0.01115
   -0.01772
   -0.00734
   -0.00002
    0.00002
    0.00003
    0.00003
    0.00003
    0.00003
    0.00003
    0.00003
    0.00003
    0.00003
    0.00003
    0.00003
    0.00005
    0.00003
    0.00004
    0.00003
    0.00003
    0.00003
    0.00003
    0.00003
    0.00003
    0.00003
    0.00004
    0.00014
   -0.00001
    0.00005
    0.00002
    0.00001
    0.00003
    0.00002
    0.00002
    0.00002
    0.00002
    0.00002
    0.00002
    0.00003
    0.00003
    0.00003
    0.00003
    0.00003
    0.00003
    0.00003
    0.00003
    0.00003
    0.00003
    0.00003
    0.00003
    0.00003
    0.00003
    0.00003
    0.00003
    0.00003
    0.00003
    0.00003
    0.00003
    0.00003
    0.00003
    0.00003
    0.00003
    0.00003
    0.00003
    0.00003
    0.00003
    0.00003
    0.00003
    0.00003
    0.00003
    0.00003
    0.00003
    0.00003
    0.00003
    0.00003
    0.00003
    0.00003
    0.00003
    0.00003
    0.00003
    0.00003
    0.00003
    0.00003
    0.00003
    0.00003
    0.00003
    0.00003
    0.00003
    0.00003
    0.00003
    0.00003
    0.00003
    0.00003
    0.00003
    0.00003
    0.00003
    0.00003
    0.00003
    0.00003
    0.00003
    0.00003
    0.00003
    0.00003
    0.00003
    0.00003
    0.00003
    0.07802
    0.07872
    0.08101
    0.08264
    0.08398
    0.08290
    0.08143
    0.07981
    0.07760
    0.07563
    0.07354
    0.07146
    0.06943
    0.06681
    0.06402
    0.06207
    0.05890
    0.05711
    0.05519
    0.05245
    0.04972
    0.04760
    0.04537
    0.04347
    0.03971
    0.03842
    0.03533
    0.03302
    0.03074
    0.02793
    0.02572
    0.02393
    0.02156
    0.01991
    0.01839
    0.01707
    0.01588
    0.01523
    0.01480
    0.01415
    0.01200
    0.00853
    0.00234
   -0.00650
   -0.01071
   -0.01755
   -0.01136
   -0.00016
    0.00002
    0.00003
    0.00003
    0.00003
    0.00003
    0.00003
    0.00003
    0.00003
    0.00003
    0.00003
    0.00003
    0.00005
    0.00003
    0.00004
    0.00003
    0.00003
    0.00003
    0.00003
    0.00003
    0.00003
    0.00003
    0.00005
    0.00013
   -0.00001
    0.00005
    0.00002
    0.00001
    0.00003
    0.00002
    0.00002
    0.00002
    0.00002
    0.00002
    0.00002
    0.00003
    0.00003
    0.00003
    0.00003
    0.00003
    0.00003
    0.00003
    0.00003
    0.00003
    0.00003
    0.00003
    0.00003
    0.00003
    0.00003
    0.00003
    0.00003
    0.00003
    0.00003
    0.00003
    0.00003
    0.00003
    0.00003
    0.00003
    0.00003
    0.00003
    0.00003
    0.00003
    0.00003
    0.00003
    0.00003
    0.00003
    0.00003
    0.00003
    0.00003
    0.00003
    0.00003
    0.00003
    0.00003
    0.00003
    0.00003
    0.00003
    0.00003
    0.00003
    0.00003
    0.00003
    0.00003
    0.00003
    0.00003
    0.00003
    0.00003
    0.00003
    0.00003
    0.00003
    0.00003
    0.00003
    0.00003
    0.00003
    0.00003
    0.00003
    0.00003
    0.00003
    0.00003
    0.00003
    0.00003
    0.00003
    0.00003
    0.00003
    0.00003
    0.07759
    0.07831
    0.08090
    0.08246
    0.08417
    0.08321
    0.08187
    0.08037
    0.07796
    0.07642
    0.07472
    0.07206
    0.07009
    0.06789
    0.06597
    0.06363
    0.06097
    0.05925
    0.05646
    0.05428
    0.05149
    0.04942
    0.04717
    0.04439
    0.04193
    0.04012
    0.03775
    0.03467
    0.03290
    0.03057
    0.02781
    0.02557
    0.02374
    0.02186
    0.02014
    0.01858
    0.01768
    0.01644
    0.01598
    0.01497
    0.01343
    0.00916
    0.00330
   -0.00582
   -0.00944
   -0.01803
   -0.01565
   -0.00054
    0.00002
    0.00003
    0.00003
    0.00003
    0.00003
    0.00003
    0.00003
    0.00003
    0.00003
    0.00003
    0.00003
    0.00005
    0.00003
    0.00004
    0.00003
    0.00003
    0.00003
    0.00003
    0.00003
    0.00003
    0.00003
    0.00005
    0.00013
   -0.00001
    0.00005
    0.00002
    0.00001
    0.00003
    0.00002
    0.00002
    0.00002
    0.00002
    0.00002
    0.00002
    0.00003
    0.00003
    0.00003
    0.00003
    0.00003
    0.00003
    0.00003
    0.00003
    0.00003
    0.00003
    0.00003
    0.00003
    0.00003
    0.00003
    0.00003
    0.00003
    0.00003
    0.00003
    0.00003
    0.00003
    0.00003
    0.00003
    0.00003
    0.00003
    0.00003
    0.00003
    0.00003
    0.00003
    0.00003
    0.00003
    0.00003
    0.00003
    0.00003
    0.00003
    0.00003
    0.00003
    0.00003
    0.00003
    0.00003
    0.00003
    0.00003
    0.00003
    0.00003
    0.00003
    0.00003
    0.00003
    0.00003
    0.00003
    0.00003
    0.00003
    0.00003
    0.00003
    0.00003
    0.00003
    0.00003
    0.00003
    0.00003
    0.00003
    0.00003
    0.00003
    0.00003
    0.00003
    0.00003
    0.00003
    0.00003
    0.00003
    0.00003
    0.00003
    0.07699
    0.07798
    0.08068
    0.08241
    0.08418
    0.08333
    0.08234
    0.08043
    0.07865
    0.07723
    0.07559
    0.07340
    0.07150
    0.06902
    0.06716
    0.06450
    0.06228
    0.06021
    0.05826
    0.05568
    0.05382
    0.05134
    0.04906
    0.04670
    0.04463
    0.04201
    0.03957
    0.03743
    0.03497
    0.03212
    0.03011
    0.02768
    0.02540
    0.02379
    0.02184
    0.02028
    0.01909
    0.01829
    0.01763
    0.01620
    0.01394
    0.01035
    0.00429
   -0.00478
   -0.00768
   -0.01763
   -0.02074
   -0.00156
    0.00002
    0.00003
    0.00003
    0.00003
    0.00003
    0.00003
    0.00003
    0.00003
    0.00003
    0.00003
    0.00003
    0.00005
    0.00003
    0.00004
    0.00003
    0.00003
    0.00003
    0.00003
    0.00003
    0.00003
    0.00003
    0.00005
    0.00012
   -0.00001
    0.00006
    0.00002
    0.00001
    0.00003
    0.00002
    0.00002
    0.00002
    0.00002
    0.00002
    0.00002
    0.00003
    0.00003
    0.00003
    0.00003
    0.00003
    0.00003
    0.00003
    0.00003
    0.00003
    0.00003
    0.00003
    0.00003
    0.00003
    0.00003
    0.00003
    0.00003
    0.00003
    0.00003
    0.00003
    0.00003
    0.00003
    0.00003
    0.00003
    0.00003
    0.00003
    0.00003
    0.00003
    0.00003
    0.00003
    0.00003
    0.00003
    0.00003
    0.00003
    0.00003
    0.00003
    0.00003
    0.00003
    0.00003
    0.00003
    0.00003
    0.00003
    0.00003
    0.00003
    0.00003
    0.00003
    0.00003
    0.00003
    0.00003
    0.00003
    0.00003
    0.00003
    0.00003
    0.00003
    0.00003
    0.00003
    0.00003
    0.00003
    0.00003
    0.00003
    0.00003
    0.00003
    0.00003
    0.00003
    0.00003
    0.00003
    0.00003
    0.00003
    0.00003
    0.07649
    0.07751
    0.08036
    0.08237
    0.08464
    0.08355
    0.08243
    0.08111
    0.07949
    0.07816
    0.07627
    0.07418
    0.07239
    0.06991
    0.06816
    0.06681
    0.06375
    0.06135
    0.05989
    0.05697
    0.05505
    0.05308
    0.05123
    0.04852
    0.04684
    0.04460
    0.04218
    0.04036
    0.03718
    0.03457
    0.03237
    0.03036
    0.02785
    0.02608
    0.02413
    0.02299
    0.02141
    0.02047
    0.01993
    0.01781
    0.01515
    0.01103
    0.00488
   -0.00328
   -0.00466
   -0.01573
   -0.02722
   -0.00495
    0.00001
    0.00002
    0.00003
    0.00003
    0.00003
    0.00003
    0.00003
    0.00003
    0.00003
    0.00003
    0.00003
    0.00005
    0.00003
    0.00004
    0.00003
    0.00003
    0.00003
    0.00003
    0.00003
    0.00003
    0.00003
    0.00005
    0.00011
   -0.00001
    0.00006
    0.00002
    0.00001
    0.00003
    0.00002
    0.00002
    0.00002
    0.00002
    0.00002
    0.00002
    0.00003
    0.00003
    0.00003
    0.00003
    0.00003
    0.00003
    0.00003
    0.00003
    0.00003
    0.00003
    0.00003
    0.00003
    0.00003
    0.00003
    0.00003
    0.00003
    0.00003
    0.00003
    0.00003
    0.00003
    0.00003
    0.00003
    0.00003
    0.00003
    0.00003
    0.00003
    0.00003
    0.00003
    0.00003
    0.00003
    0.00003
    0.00003
    0.00003
    0.00003
    0.00003
    0.00003
    0.00003
    0.00003
    0.00003
    0.00003
    0.00003
    0.00003
    0.00003
    0.00003
    0.00003
    0.00003
    0.00003
    0.00003
    0.00003
    0.00003
    0.00003
    0.00003
    0.00003
    0.00003
    0.00003
    0.00003
    0.00003
    0.00003
    0.00003
    0.00003
    0.00003
    0.00003
    0.00003
    0.00003
    0.00003
    0.00003
    0.00003
    0.00003
    0.07594
    0.07716
    0.08012
    0.08231
    0.08426
    0.08388
    0.08315
    0.08112
    0.08019
    0.07894
    0.07652
    0.07477
    0.07307
    0.07142
    0.06895
    0.06719
    0.06508
    0.06313
    0.06082
    0.05922
    0.05699
    0.05450
    0.05320
    0.05042
    0.04786
    0.04566
    0.04365
    0.04226
    0.03899
    0.03659
    0.03398
    0.03240
    0.02974
    0.02805
    0.02620
    0.02452
    0.02334
    0.02288
    0.02151
    0.01955
    0.01595
    0.01132
    0.00458
   -0.00374
   -0.00581
   -0.01621
   -0.02634
   -0.01113
   -0.00010
    0.00002
    0.00003
    0.00003
    0.00003
    0.00003
    0.00003
    0.00003
    0.00003
    0.00003
    0.00003
    0.00005
    0.00003
    0.00004
    0.00003
    0.00003
    0.00003
    0.00003
    0.00003
    0.00003
    0.00003
    0.00005
    0.00010
   -0.00001
    0.00007
    0.00002
    0.00001
    0.00003
    0.00002
    0.00002
    0.00002
    0.00002
    0.00002
    0.00002
    0.00003
    0.00003
    0.00003
    0.00003
    0.00003
    0.00003
    0.00003
    0.00003
    0.00003
    0.00003
    0.00003
    0.00003
    0.00003
    0.00003
    0.00003
    0.00003
    0.00003
    0.00003
    0.00003
    0.00003
    0.00003
    0.00003
    0.00003
    0.00003
    0.00003
    0.00003
    0.00003
    0.00003
    0.00003
    0.00003
    0.00003
    0.00003
    0.00003
    0.00003
    0.00003
    0.00003
    0.00003
    0.00003
    0.00003
    0.00003
    0.00003
    0.00003
    0.00003
    0.00003
    0.00003
    0.00003
    0.00003
    0.00003
    0.00003
    0.00003
    0.00003
    0.00003
    0.00003
    0.00003
    0.00003
    0.00003
    0.00003
    0.00003
    0.00003
    0.00003
    0.00003
    0.00003
    0.00003
    0.00003
    0.00003
    0.00003
    0.00003
    0.00003
    0.07530
    0.07660
    0.07977
    0.08179
    0.08405
    0.08413
    0.08325
    0.08217
    0.08077
    0.07930
    0.07763
    0.07562
    0.07473
    0.07205
    0.06997
    0.06869
    0.06622
    0.06430
    0.06208
    0.05955
    0.05825
    0.05615
    0.05453
    0.05216
    0.04955
    0.04736
    0.04531
    0.04310
    0.04023
    0.03736
    0.03535
    0.03366
    0.03116
    0.02935
    0.02762
    0.02612
    0.02506
    0.02400
    0.02261
    0.02020
    0.01618
    0.01154
    0.00446
   -0.00366
   -0.00481
   -0.01247
   -0.02423
   -0.01780
   -0.00047
    0.00002
    0.00003
    0.00003
    0.00003
    0.00003
    0.00003
    0.00003
    0.00003
    0.00003
    0.00003
    0.00005
    0.00003
    0.00004
    0.00003
    0.00003
    0.00003
    0.00003
    0.00003
    0.00003
    0.00003
    0.00005
    0.00010
   -0.00001
    0.00007
    0.00002
    0.00001
    0.00003
    0.00002
    0.00002
    0.00002
    0.00002
    0.00002
    0.00002
    0.00003
    0.00003
    0.00003
    0.00003
    0.00003
    0.00003
    0.00003
    0.00003
    0.00003
    0.00003
    0.00003
    0.00003
    0.00003
    0.00003
    0.00003
    0.00003
    0.00003
    0.00003
    0.00003
    0.00003
    0.00003
    0.00003
    0.00003
    0.00003
    0.00003
    0.00003
    0.00003
    0.00003
    0.00003
    0.00003
    0.00003
    0.00003
    0.00003
    0.00003
    0.00003
    0.00003
    0.00003
    0.00003
    0.00003
    0.00003
    0.00003
    0.00003
    0.00003
    0.00003
    0.00003
    0.00003
    0.00003
    0.00003
    0.00003
    0.00003
    0.00003
    0.00003
    0.00003
    0.00003
    0.00003
    0.00003
    0.00003
    0.00003
    0.00003
    0.00003
    0.00003
    0.00003
    0.00003
    0.00003
    0.00003
    0.00003
    0.00003
